2023-01-20T17:52:57+00:00 CRITICAL Uncaught Error: Call to a member function get_permalink() on bool in /home2/infow082/public_html/beehappy/wp-content/themes/owly/framework/woocommerce/cart-utils.php:84
Stack trace:
#0 /home2/infow082/public_html/beehappy/wp-includes/class-wp-hook.php(307): owly_woo_cart_fragments(Array)
#1 /home2/infow082/public_html/beehappy/wp-includes/plugin.php(189): WP_Hook->apply_filters(Array, Array)
#2 /home2/infow082/public_html/beehappy/wp-content/plugins/woocommerce/includes/class-wc-ajax.php(191): apply_filters('woocommerce_add...', Array)
#3 /home2/infow082/public_html/beehappy/wp-includes/class-wp-hook.php(307): WC_AJAX::get_refreshed_fragments('')
#4 /home2/infow082/public_html/beehappy/wp-includes/class-wp-hook.php(331): WP_Hook->apply_filters('', Array)
#5 /home2/infow082/public_html/beehappy/wp-includes/plugin.php(474): WP_Hook->do_action(Array)
#6 /home2/infow082/public_html/beehappy/wp-content/plugins/woocommerce/includes/class-wc-ajax.php(90): do_action('wc_ajax_get_ref...')
#7 /home2/infow082/public_htm, em /home2/infow082/public_html/beehappy/wp-content/themes/owly/framework/woocommerce/cart-utils.php, na linha 84

2023-01-20T17:53:40+00:00 CRITICAL Uncaught Error: Call to a member function get_permalink() on bool in /home2/infow082/public_html/beehappy/wp-content/themes/owly/framework/woocommerce/cart-utils.php:84
Stack trace:
#0 /home2/infow082/public_html/beehappy/wp-includes/class-wp-hook.php(307): owly_woo_cart_fragments(Array)
#1 /home2/infow082/public_html/beehappy/wp-includes/plugin.php(189): WP_Hook->apply_filters(Array, Array)
#2 /home2/infow082/public_html/beehappy/wp-content/plugins/woocommerce/includes/class-wc-ajax.php(191): apply_filters('woocommerce_add...', Array)
#3 /home2/infow082/public_html/beehappy/wp-includes/class-wp-hook.php(307): WC_AJAX::get_refreshed_fragments('')
#4 /home2/infow082/public_html/beehappy/wp-includes/class-wp-hook.php(331): WP_Hook->apply_filters('', Array)
#5 /home2/infow082/public_html/beehappy/wp-includes/plugin.php(474): WP_Hook->do_action(Array)
#6 /home2/infow082/public_html/beehappy/wp-content/plugins/woocommerce/includes/class-wc-ajax.php(90): do_action('wc_ajax_get_ref...')
#7 /home2/infow082/public_htm, em /home2/infow082/public_html/beehappy/wp-content/themes/owly/framework/woocommerce/cart-utils.php, na linha 84

2023-01-20T17:56:44+00:00 CRITICAL Uncaught Error: Call to a member function get_permalink() on bool in /home2/infow082/public_html/beehappy/wp-content/themes/owly/framework/woocommerce/cart-utils.php:84
Stack trace:
#0 /home2/infow082/public_html/beehappy/wp-includes/class-wp-hook.php(307): owly_woo_cart_fragments(Array)
#1 /home2/infow082/public_html/beehappy/wp-includes/plugin.php(189): WP_Hook->apply_filters(Array, Array)
#2 /home2/infow082/public_html/beehappy/wp-content/plugins/woocommerce/includes/class-wc-ajax.php(191): apply_filters('woocommerce_add...', Array)
#3 /home2/infow082/public_html/beehappy/wp-includes/class-wp-hook.php(307): WC_AJAX::get_refreshed_fragments('')
#4 /home2/infow082/public_html/beehappy/wp-includes/class-wp-hook.php(331): WP_Hook->apply_filters('', Array)
#5 /home2/infow082/public_html/beehappy/wp-includes/plugin.php(474): WP_Hook->do_action(Array)
#6 /home2/infow082/public_html/beehappy/wp-content/plugins/woocommerce/includes/class-wc-ajax.php(90): do_action('wc_ajax_get_ref...')
#7 /home2/infow082/public_htm, em /home2/infow082/public_html/beehappy/wp-content/themes/owly/framework/woocommerce/cart-utils.php, na linha 84

2023-01-20T17:57:41+00:00 CRITICAL Uncaught Error: Call to a member function get_permalink() on bool in /home2/infow082/public_html/beehappy/wp-content/themes/owly/framework/woocommerce/cart-utils.php:84
Stack trace:
#0 /home2/infow082/public_html/beehappy/wp-includes/class-wp-hook.php(307): owly_woo_cart_fragments(Array)
#1 /home2/infow082/public_html/beehappy/wp-includes/plugin.php(189): WP_Hook->apply_filters(Array, Array)
#2 /home2/infow082/public_html/beehappy/wp-content/plugins/woocommerce/includes/class-wc-ajax.php(191): apply_filters('woocommerce_add...', Array)
#3 /home2/infow082/public_html/beehappy/wp-includes/class-wp-hook.php(307): WC_AJAX::get_refreshed_fragments('')
#4 /home2/infow082/public_html/beehappy/wp-includes/class-wp-hook.php(331): WP_Hook->apply_filters('', Array)
#5 /home2/infow082/public_html/beehappy/wp-includes/plugin.php(474): WP_Hook->do_action(Array)
#6 /home2/infow082/public_html/beehappy/wp-content/plugins/woocommerce/includes/class-wc-ajax.php(90): do_action('wc_ajax_get_ref...')
#7 /home2/infow082/public_htm, em /home2/infow082/public_html/beehappy/wp-content/themes/owly/framework/woocommerce/cart-utils.php, na linha 84

2023-01-20T17:57:53+00:00 CRITICAL Uncaught Error: Call to a member function get_permalink() on bool in /home2/infow082/public_html/beehappy/wp-content/themes/owly/framework/woocommerce/cart-utils.php:84
Stack trace:
#0 /home2/infow082/public_html/beehappy/wp-includes/class-wp-hook.php(307): owly_woo_cart_fragments(Array)
#1 /home2/infow082/public_html/beehappy/wp-includes/plugin.php(189): WP_Hook->apply_filters(Array, Array)
#2 /home2/infow082/public_html/beehappy/wp-content/plugins/woocommerce/includes/class-wc-ajax.php(191): apply_filters('woocommerce_add...', Array)
#3 /home2/infow082/public_html/beehappy/wp-includes/class-wp-hook.php(307): WC_AJAX::get_refreshed_fragments('')
#4 /home2/infow082/public_html/beehappy/wp-includes/class-wp-hook.php(331): WP_Hook->apply_filters('', Array)
#5 /home2/infow082/public_html/beehappy/wp-includes/plugin.php(474): WP_Hook->do_action(Array)
#6 /home2/infow082/public_html/beehappy/wp-content/plugins/woocommerce/includes/class-wc-ajax.php(90): do_action('wc_ajax_get_ref...')
#7 /home2/infow082/public_htm, em /home2/infow082/public_html/beehappy/wp-content/themes/owly/framework/woocommerce/cart-utils.php, na linha 84

2023-01-20T17:59:42+00:00 CRITICAL Uncaught Error: Call to a member function get_permalink() on bool in /home2/infow082/public_html/beehappy/wp-content/themes/owly/framework/woocommerce/cart-utils.php:84
Stack trace:
#0 /home2/infow082/public_html/beehappy/wp-includes/class-wp-hook.php(307): owly_woo_cart_fragments(Array)
#1 /home2/infow082/public_html/beehappy/wp-includes/plugin.php(189): WP_Hook->apply_filters(Array, Array)
#2 /home2/infow082/public_html/beehappy/wp-content/plugins/woocommerce/includes/class-wc-ajax.php(191): apply_filters('woocommerce_add...', Array)
#3 /home2/infow082/public_html/beehappy/wp-includes/class-wp-hook.php(307): WC_AJAX::get_refreshed_fragments('')
#4 /home2/infow082/public_html/beehappy/wp-includes/class-wp-hook.php(331): WP_Hook->apply_filters('', Array)
#5 /home2/infow082/public_html/beehappy/wp-includes/plugin.php(474): WP_Hook->do_action(Array)
#6 /home2/infow082/public_html/beehappy/wp-content/plugins/woocommerce/includes/class-wc-ajax.php(90): do_action('wc_ajax_get_ref...')
#7 /home2/infow082/public_htm, em /home2/infow082/public_html/beehappy/wp-content/themes/owly/framework/woocommerce/cart-utils.php, na linha 84

2023-01-20T18:00:22+00:00 CRITICAL Uncaught Error: Call to a member function get_permalink() on bool in /home2/infow082/public_html/beehappy/wp-content/themes/owly/framework/woocommerce/cart-utils.php:84
Stack trace:
#0 /home2/infow082/public_html/beehappy/wp-includes/class-wp-hook.php(307): owly_woo_cart_fragments(Array)
#1 /home2/infow082/public_html/beehappy/wp-includes/plugin.php(189): WP_Hook->apply_filters(Array, Array)
#2 /home2/infow082/public_html/beehappy/wp-content/plugins/woocommerce/includes/class-wc-ajax.php(191): apply_filters('woocommerce_add...', Array)
#3 /home2/infow082/public_html/beehappy/wp-includes/class-wp-hook.php(307): WC_AJAX::get_refreshed_fragments('')
#4 /home2/infow082/public_html/beehappy/wp-includes/class-wp-hook.php(331): WP_Hook->apply_filters('', Array)
#5 /home2/infow082/public_html/beehappy/wp-includes/plugin.php(474): WP_Hook->do_action(Array)
#6 /home2/infow082/public_html/beehappy/wp-content/plugins/woocommerce/includes/class-wc-ajax.php(90): do_action('wc_ajax_get_ref...')
#7 /home2/infow082/public_htm, em /home2/infow082/public_html/beehappy/wp-content/themes/owly/framework/woocommerce/cart-utils.php, na linha 84

2023-01-20T18:02:16+00:00 CRITICAL Uncaught Error: Call to a member function get_permalink() on bool in /home2/infow082/public_html/beehappy/wp-content/themes/owly/framework/woocommerce/cart-utils.php:84
Stack trace:
#0 /home2/infow082/public_html/beehappy/wp-includes/class-wp-hook.php(307): owly_woo_cart_fragments(Array)
#1 /home2/infow082/public_html/beehappy/wp-includes/plugin.php(189): WP_Hook->apply_filters(Array, Array)
#2 /home2/infow082/public_html/beehappy/wp-content/plugins/woocommerce/includes/class-wc-ajax.php(191): apply_filters('woocommerce_add...', Array)
#3 /home2/infow082/public_html/beehappy/wp-includes/class-wp-hook.php(307): WC_AJAX::get_refreshed_fragments('')
#4 /home2/infow082/public_html/beehappy/wp-includes/class-wp-hook.php(331): WP_Hook->apply_filters('', Array)
#5 /home2/infow082/public_html/beehappy/wp-includes/plugin.php(474): WP_Hook->do_action(Array)
#6 /home2/infow082/public_html/beehappy/wp-content/plugins/woocommerce/includes/class-wc-ajax.php(90): do_action('wc_ajax_get_ref...')
#7 /home2/infow082/public_htm, em /home2/infow082/public_html/beehappy/wp-content/themes/owly/framework/woocommerce/cart-utils.php, na linha 84

2023-01-20T18:03:07+00:00 CRITICAL Uncaught Error: Call to a member function get_permalink() on bool in /home2/infow082/public_html/beehappy/wp-content/themes/owly/framework/woocommerce/cart-utils.php:84
Stack trace:
#0 /home2/infow082/public_html/beehappy/wp-includes/class-wp-hook.php(307): owly_woo_cart_fragments(Array)
#1 /home2/infow082/public_html/beehappy/wp-includes/plugin.php(189): WP_Hook->apply_filters(Array, Array)
#2 /home2/infow082/public_html/beehappy/wp-content/plugins/woocommerce/includes/class-wc-ajax.php(191): apply_filters('woocommerce_add...', Array)
#3 /home2/infow082/public_html/beehappy/wp-includes/class-wp-hook.php(307): WC_AJAX::get_refreshed_fragments('')
#4 /home2/infow082/public_html/beehappy/wp-includes/class-wp-hook.php(331): WP_Hook->apply_filters('', Array)
#5 /home2/infow082/public_html/beehappy/wp-includes/plugin.php(474): WP_Hook->do_action(Array)
#6 /home2/infow082/public_html/beehappy/wp-content/plugins/woocommerce/includes/class-wc-ajax.php(90): do_action('wc_ajax_get_ref...')
#7 /home2/infow082/public_htm, em /home2/infow082/public_html/beehappy/wp-content/themes/owly/framework/woocommerce/cart-utils.php, na linha 84

2023-01-20T18:03:44+00:00 CRITICAL Uncaught Error: Call to a member function get_permalink() on bool in /home2/infow082/public_html/beehappy/wp-content/themes/owly/framework/woocommerce/cart-utils.php:84
Stack trace:
#0 /home2/infow082/public_html/beehappy/wp-includes/class-wp-hook.php(307): owly_woo_cart_fragments(Array)
#1 /home2/infow082/public_html/beehappy/wp-includes/plugin.php(189): WP_Hook->apply_filters(Array, Array)
#2 /home2/infow082/public_html/beehappy/wp-content/plugins/woocommerce/includes/class-wc-ajax.php(191): apply_filters('woocommerce_add...', Array)
#3 /home2/infow082/public_html/beehappy/wp-includes/class-wp-hook.php(307): WC_AJAX::get_refreshed_fragments('')
#4 /home2/infow082/public_html/beehappy/wp-includes/class-wp-hook.php(331): WP_Hook->apply_filters('', Array)
#5 /home2/infow082/public_html/beehappy/wp-includes/plugin.php(474): WP_Hook->do_action(Array)
#6 /home2/infow082/public_html/beehappy/wp-content/plugins/woocommerce/includes/class-wc-ajax.php(90): do_action('wc_ajax_get_ref...')
#7 /home2/infow082/public_htm, em /home2/infow082/public_html/beehappy/wp-content/themes/owly/framework/woocommerce/cart-utils.php, na linha 84

2023-01-20T18:03:51+00:00 CRITICAL Uncaught Error: Call to a member function get_permalink() on bool in /home2/infow082/public_html/beehappy/wp-content/themes/owly/framework/woocommerce/cart-utils.php:84
Stack trace:
#0 /home2/infow082/public_html/beehappy/wp-includes/class-wp-hook.php(307): owly_woo_cart_fragments(Array)
#1 /home2/infow082/public_html/beehappy/wp-includes/plugin.php(189): WP_Hook->apply_filters(Array, Array)
#2 /home2/infow082/public_html/beehappy/wp-content/plugins/woocommerce/includes/class-wc-ajax.php(191): apply_filters('woocommerce_add...', Array)
#3 /home2/infow082/public_html/beehappy/wp-includes/class-wp-hook.php(307): WC_AJAX::get_refreshed_fragments('')
#4 /home2/infow082/public_html/beehappy/wp-includes/class-wp-hook.php(331): WP_Hook->apply_filters('', Array)
#5 /home2/infow082/public_html/beehappy/wp-includes/plugin.php(474): WP_Hook->do_action(Array)
#6 /home2/infow082/public_html/beehappy/wp-content/plugins/woocommerce/includes/class-wc-ajax.php(90): do_action('wc_ajax_get_ref...')
#7 /home2/infow082/public_htm, em /home2/infow082/public_html/beehappy/wp-content/themes/owly/framework/woocommerce/cart-utils.php, na linha 84

2023-01-20T18:03:55+00:00 CRITICAL Uncaught Error: Call to a member function get_permalink() on bool in /home2/infow082/public_html/beehappy/wp-content/themes/owly/framework/woocommerce/cart-utils.php:84
Stack trace:
#0 /home2/infow082/public_html/beehappy/wp-includes/class-wp-hook.php(307): owly_woo_cart_fragments(Array)
#1 /home2/infow082/public_html/beehappy/wp-includes/plugin.php(189): WP_Hook->apply_filters(Array, Array)
#2 /home2/infow082/public_html/beehappy/wp-content/plugins/woocommerce/includes/class-wc-ajax.php(191): apply_filters('woocommerce_add...', Array)
#3 /home2/infow082/public_html/beehappy/wp-includes/class-wp-hook.php(307): WC_AJAX::get_refreshed_fragments('')
#4 /home2/infow082/public_html/beehappy/wp-includes/class-wp-hook.php(331): WP_Hook->apply_filters('', Array)
#5 /home2/infow082/public_html/beehappy/wp-includes/plugin.php(474): WP_Hook->do_action(Array)
#6 /home2/infow082/public_html/beehappy/wp-content/plugins/woocommerce/includes/class-wc-ajax.php(90): do_action('wc_ajax_get_ref...')
#7 /home2/infow082/public_htm, em /home2/infow082/public_html/beehappy/wp-content/themes/owly/framework/woocommerce/cart-utils.php, na linha 84

2023-01-20T18:04:00+00:00 CRITICAL Uncaught Error: Call to a member function get_permalink() on bool in /home2/infow082/public_html/beehappy/wp-content/themes/owly/framework/woocommerce/cart-utils.php:84
Stack trace:
#0 /home2/infow082/public_html/beehappy/wp-includes/class-wp-hook.php(307): owly_woo_cart_fragments(Array)
#1 /home2/infow082/public_html/beehappy/wp-includes/plugin.php(189): WP_Hook->apply_filters(Array, Array)
#2 /home2/infow082/public_html/beehappy/wp-content/plugins/woocommerce/includes/class-wc-ajax.php(191): apply_filters('woocommerce_add...', Array)
#3 /home2/infow082/public_html/beehappy/wp-includes/class-wp-hook.php(307): WC_AJAX::get_refreshed_fragments('')
#4 /home2/infow082/public_html/beehappy/wp-includes/class-wp-hook.php(331): WP_Hook->apply_filters('', Array)
#5 /home2/infow082/public_html/beehappy/wp-includes/plugin.php(474): WP_Hook->do_action(Array)
#6 /home2/infow082/public_html/beehappy/wp-content/plugins/woocommerce/includes/class-wc-ajax.php(90): do_action('wc_ajax_get_ref...')
#7 /home2/infow082/public_htm, em /home2/infow082/public_html/beehappy/wp-content/themes/owly/framework/woocommerce/cart-utils.php, na linha 84

2023-01-20T18:04:05+00:00 CRITICAL Uncaught Error: Call to a member function get_permalink() on bool in /home2/infow082/public_html/beehappy/wp-content/themes/owly/framework/woocommerce/cart-utils.php:84
Stack trace:
#0 /home2/infow082/public_html/beehappy/wp-includes/class-wp-hook.php(307): owly_woo_cart_fragments(Array)
#1 /home2/infow082/public_html/beehappy/wp-includes/plugin.php(189): WP_Hook->apply_filters(Array, Array)
#2 /home2/infow082/public_html/beehappy/wp-content/plugins/woocommerce/includes/class-wc-ajax.php(191): apply_filters('woocommerce_add...', Array)
#3 /home2/infow082/public_html/beehappy/wp-includes/class-wp-hook.php(307): WC_AJAX::get_refreshed_fragments('')
#4 /home2/infow082/public_html/beehappy/wp-includes/class-wp-hook.php(331): WP_Hook->apply_filters('', Array)
#5 /home2/infow082/public_html/beehappy/wp-includes/plugin.php(474): WP_Hook->do_action(Array)
#6 /home2/infow082/public_html/beehappy/wp-content/plugins/woocommerce/includes/class-wc-ajax.php(90): do_action('wc_ajax_get_ref...')
#7 /home2/infow082/public_htm, em /home2/infow082/public_html/beehappy/wp-content/themes/owly/framework/woocommerce/cart-utils.php, na linha 84

2023-01-20T18:04:10+00:00 CRITICAL Uncaught Error: Call to a member function get_permalink() on bool in /home2/infow082/public_html/beehappy/wp-content/themes/owly/framework/woocommerce/cart-utils.php:84
Stack trace:
#0 /home2/infow082/public_html/beehappy/wp-includes/class-wp-hook.php(307): owly_woo_cart_fragments(Array)
#1 /home2/infow082/public_html/beehappy/wp-includes/plugin.php(189): WP_Hook->apply_filters(Array, Array)
#2 /home2/infow082/public_html/beehappy/wp-content/plugins/woocommerce/includes/class-wc-ajax.php(191): apply_filters('woocommerce_add...', Array)
#3 /home2/infow082/public_html/beehappy/wp-includes/class-wp-hook.php(307): WC_AJAX::get_refreshed_fragments('')
#4 /home2/infow082/public_html/beehappy/wp-includes/class-wp-hook.php(331): WP_Hook->apply_filters('', Array)
#5 /home2/infow082/public_html/beehappy/wp-includes/plugin.php(474): WP_Hook->do_action(Array)
#6 /home2/infow082/public_html/beehappy/wp-content/plugins/woocommerce/includes/class-wc-ajax.php(90): do_action('wc_ajax_get_ref...')
#7 /home2/infow082/public_htm, em /home2/infow082/public_html/beehappy/wp-content/themes/owly/framework/woocommerce/cart-utils.php, na linha 84

2023-01-20T18:04:15+00:00 CRITICAL Uncaught Error: Call to a member function get_permalink() on bool in /home2/infow082/public_html/beehappy/wp-content/themes/owly/framework/woocommerce/cart-utils.php:84
Stack trace:
#0 /home2/infow082/public_html/beehappy/wp-includes/class-wp-hook.php(307): owly_woo_cart_fragments(Array)
#1 /home2/infow082/public_html/beehappy/wp-includes/plugin.php(189): WP_Hook->apply_filters(Array, Array)
#2 /home2/infow082/public_html/beehappy/wp-content/plugins/woocommerce/includes/class-wc-ajax.php(191): apply_filters('woocommerce_add...', Array)
#3 /home2/infow082/public_html/beehappy/wp-includes/class-wp-hook.php(307): WC_AJAX::get_refreshed_fragments('')
#4 /home2/infow082/public_html/beehappy/wp-includes/class-wp-hook.php(331): WP_Hook->apply_filters('', Array)
#5 /home2/infow082/public_html/beehappy/wp-includes/plugin.php(474): WP_Hook->do_action(Array)
#6 /home2/infow082/public_html/beehappy/wp-content/plugins/woocommerce/includes/class-wc-ajax.php(90): do_action('wc_ajax_get_ref...')
#7 /home2/infow082/public_htm, em /home2/infow082/public_html/beehappy/wp-content/themes/owly/framework/woocommerce/cart-utils.php, na linha 84

2023-01-20T18:04:21+00:00 CRITICAL Uncaught Error: Call to a member function get_permalink() on bool in /home2/infow082/public_html/beehappy/wp-content/themes/owly/framework/woocommerce/cart-utils.php:84
Stack trace:
#0 /home2/infow082/public_html/beehappy/wp-includes/class-wp-hook.php(307): owly_woo_cart_fragments(Array)
#1 /home2/infow082/public_html/beehappy/wp-includes/plugin.php(189): WP_Hook->apply_filters(Array, Array)
#2 /home2/infow082/public_html/beehappy/wp-content/plugins/woocommerce/includes/class-wc-ajax.php(191): apply_filters('woocommerce_add...', Array)
#3 /home2/infow082/public_html/beehappy/wp-includes/class-wp-hook.php(307): WC_AJAX::get_refreshed_fragments('')
#4 /home2/infow082/public_html/beehappy/wp-includes/class-wp-hook.php(331): WP_Hook->apply_filters('', Array)
#5 /home2/infow082/public_html/beehappy/wp-includes/plugin.php(474): WP_Hook->do_action(Array)
#6 /home2/infow082/public_html/beehappy/wp-content/plugins/woocommerce/includes/class-wc-ajax.php(90): do_action('wc_ajax_get_ref...')
#7 /home2/infow082/public_htm, em /home2/infow082/public_html/beehappy/wp-content/themes/owly/framework/woocommerce/cart-utils.php, na linha 84

2023-01-20T18:04:26+00:00 CRITICAL Uncaught Error: Call to a member function get_permalink() on bool in /home2/infow082/public_html/beehappy/wp-content/themes/owly/framework/woocommerce/cart-utils.php:84
Stack trace:
#0 /home2/infow082/public_html/beehappy/wp-includes/class-wp-hook.php(307): owly_woo_cart_fragments(Array)
#1 /home2/infow082/public_html/beehappy/wp-includes/plugin.php(189): WP_Hook->apply_filters(Array, Array)
#2 /home2/infow082/public_html/beehappy/wp-content/plugins/woocommerce/includes/class-wc-ajax.php(191): apply_filters('woocommerce_add...', Array)
#3 /home2/infow082/public_html/beehappy/wp-includes/class-wp-hook.php(307): WC_AJAX::get_refreshed_fragments('')
#4 /home2/infow082/public_html/beehappy/wp-includes/class-wp-hook.php(331): WP_Hook->apply_filters('', Array)
#5 /home2/infow082/public_html/beehappy/wp-includes/plugin.php(474): WP_Hook->do_action(Array)
#6 /home2/infow082/public_html/beehappy/wp-content/plugins/woocommerce/includes/class-wc-ajax.php(90): do_action('wc_ajax_get_ref...')
#7 /home2/infow082/public_htm, em /home2/infow082/public_html/beehappy/wp-content/themes/owly/framework/woocommerce/cart-utils.php, na linha 84

2023-01-20T18:05:27+00:00 CRITICAL Uncaught Error: Call to a member function get_permalink() on bool in /home2/infow082/public_html/beehappy/wp-content/themes/owly/framework/woocommerce/cart-utils.php:84
Stack trace:
#0 /home2/infow082/public_html/beehappy/wp-includes/class-wp-hook.php(307): owly_woo_cart_fragments(Array)
#1 /home2/infow082/public_html/beehappy/wp-includes/plugin.php(189): WP_Hook->apply_filters(Array, Array)
#2 /home2/infow082/public_html/beehappy/wp-content/plugins/woocommerce/includes/class-wc-ajax.php(191): apply_filters('woocommerce_add...', Array)
#3 /home2/infow082/public_html/beehappy/wp-includes/class-wp-hook.php(307): WC_AJAX::get_refreshed_fragments('')
#4 /home2/infow082/public_html/beehappy/wp-includes/class-wp-hook.php(331): WP_Hook->apply_filters('', Array)
#5 /home2/infow082/public_html/beehappy/wp-includes/plugin.php(474): WP_Hook->do_action(Array)
#6 /home2/infow082/public_html/beehappy/wp-content/plugins/woocommerce/includes/class-wc-ajax.php(90): do_action('wc_ajax_get_ref...')
#7 /home2/infow082/public_htm, em /home2/infow082/public_html/beehappy/wp-content/themes/owly/framework/woocommerce/cart-utils.php, na linha 84

2023-01-20T18:08:01+00:00 CRITICAL Uncaught Error: Call to a member function get_permalink() on bool in /home2/infow082/public_html/beehappy/wp-content/themes/owly/framework/woocommerce/cart-utils.php:84
Stack trace:
#0 /home2/infow082/public_html/beehappy/wp-includes/class-wp-hook.php(307): owly_woo_cart_fragments(Array)
#1 /home2/infow082/public_html/beehappy/wp-includes/plugin.php(189): WP_Hook->apply_filters(Array, Array)
#2 /home2/infow082/public_html/beehappy/wp-content/plugins/woocommerce/includes/class-wc-ajax.php(191): apply_filters('woocommerce_add...', Array)
#3 /home2/infow082/public_html/beehappy/wp-includes/class-wp-hook.php(307): WC_AJAX::get_refreshed_fragments('')
#4 /home2/infow082/public_html/beehappy/wp-includes/class-wp-hook.php(331): WP_Hook->apply_filters('', Array)
#5 /home2/infow082/public_html/beehappy/wp-includes/plugin.php(474): WP_Hook->do_action(Array)
#6 /home2/infow082/public_html/beehappy/wp-content/plugins/woocommerce/includes/class-wc-ajax.php(90): do_action('wc_ajax_get_ref...')
#7 /home2/infow082/public_htm, em /home2/infow082/public_html/beehappy/wp-content/themes/owly/framework/woocommerce/cart-utils.php, na linha 84

2023-01-20T18:10:49+00:00 CRITICAL Uncaught Error: Call to a member function get_permalink() on bool in /home2/infow082/public_html/beehappy/wp-content/themes/owly/framework/woocommerce/cart-utils.php:84
Stack trace:
#0 /home2/infow082/public_html/beehappy/wp-includes/class-wp-hook.php(307): owly_woo_cart_fragments(Array)
#1 /home2/infow082/public_html/beehappy/wp-includes/plugin.php(189): WP_Hook->apply_filters(Array, Array)
#2 /home2/infow082/public_html/beehappy/wp-content/plugins/woocommerce/includes/class-wc-ajax.php(191): apply_filters('woocommerce_add...', Array)
#3 /home2/infow082/public_html/beehappy/wp-includes/class-wp-hook.php(307): WC_AJAX::get_refreshed_fragments('')
#4 /home2/infow082/public_html/beehappy/wp-includes/class-wp-hook.php(331): WP_Hook->apply_filters('', Array)
#5 /home2/infow082/public_html/beehappy/wp-includes/plugin.php(474): WP_Hook->do_action(Array)
#6 /home2/infow082/public_html/beehappy/wp-content/plugins/woocommerce/includes/class-wc-ajax.php(90): do_action('wc_ajax_get_ref...')
#7 /home2/infow082/public_htm, em /home2/infow082/public_html/beehappy/wp-content/themes/owly/framework/woocommerce/cart-utils.php, na linha 84

2023-01-20T18:39:47+00:00 CRITICAL Uncaught Error: Call to a member function get_permalink() on bool in /home2/infow082/public_html/beehappy/wp-content/themes/owly/framework/woocommerce/cart-utils.php:84
Stack trace:
#0 /home2/infow082/public_html/beehappy/wp-includes/class-wp-hook.php(307): owly_woo_cart_fragments(Array)
#1 /home2/infow082/public_html/beehappy/wp-includes/plugin.php(189): WP_Hook->apply_filters(Array, Array)
#2 /home2/infow082/public_html/beehappy/wp-content/plugins/woocommerce/includes/class-wc-ajax.php(191): apply_filters('woocommerce_add...', Array)
#3 /home2/infow082/public_html/beehappy/wp-includes/class-wp-hook.php(307): WC_AJAX::get_refreshed_fragments('')
#4 /home2/infow082/public_html/beehappy/wp-includes/class-wp-hook.php(331): WP_Hook->apply_filters('', Array)
#5 /home2/infow082/public_html/beehappy/wp-includes/plugin.php(474): WP_Hook->do_action(Array)
#6 /home2/infow082/public_html/beehappy/wp-content/plugins/woocommerce/includes/class-wc-ajax.php(90): do_action('wc_ajax_get_ref...')
#7 /home2/infow082/public_htm, em /home2/infow082/public_html/beehappy/wp-content/themes/owly/framework/woocommerce/cart-utils.php, na linha 84

2023-01-20T18:43:54+00:00 CRITICAL Uncaught Error: Call to a member function get_permalink() on bool in /home2/infow082/public_html/beehappy/wp-content/themes/owly/framework/woocommerce/cart-utils.php:84
Stack trace:
#0 /home2/infow082/public_html/beehappy/wp-includes/class-wp-hook.php(307): owly_woo_cart_fragments(Array)
#1 /home2/infow082/public_html/beehappy/wp-includes/plugin.php(189): WP_Hook->apply_filters(Array, Array)
#2 /home2/infow082/public_html/beehappy/wp-content/plugins/woocommerce/includes/class-wc-ajax.php(191): apply_filters('woocommerce_add...', Array)
#3 /home2/infow082/public_html/beehappy/wp-includes/class-wp-hook.php(307): WC_AJAX::get_refreshed_fragments('')
#4 /home2/infow082/public_html/beehappy/wp-includes/class-wp-hook.php(331): WP_Hook->apply_filters('', Array)
#5 /home2/infow082/public_html/beehappy/wp-includes/plugin.php(474): WP_Hook->do_action(Array)
#6 /home2/infow082/public_html/beehappy/wp-content/plugins/woocommerce/includes/class-wc-ajax.php(90): do_action('wc_ajax_get_ref...')
#7 /home2/infow082/public_htm, em /home2/infow082/public_html/beehappy/wp-content/themes/owly/framework/woocommerce/cart-utils.php, na linha 84

2023-01-20T18:45:25+00:00 CRITICAL Uncaught Error: Call to a member function get_permalink() on bool in /home2/infow082/public_html/beehappy/wp-content/themes/owly/framework/woocommerce/cart-utils.php:84
Stack trace:
#0 /home2/infow082/public_html/beehappy/wp-includes/class-wp-hook.php(307): owly_woo_cart_fragments(Array)
#1 /home2/infow082/public_html/beehappy/wp-includes/plugin.php(189): WP_Hook->apply_filters(Array, Array)
#2 /home2/infow082/public_html/beehappy/wp-content/plugins/woocommerce/includes/class-wc-ajax.php(191): apply_filters('woocommerce_add...', Array)
#3 /home2/infow082/public_html/beehappy/wp-includes/class-wp-hook.php(307): WC_AJAX::get_refreshed_fragments('')
#4 /home2/infow082/public_html/beehappy/wp-includes/class-wp-hook.php(331): WP_Hook->apply_filters('', Array)
#5 /home2/infow082/public_html/beehappy/wp-includes/plugin.php(474): WP_Hook->do_action(Array)
#6 /home2/infow082/public_html/beehappy/wp-content/plugins/woocommerce/includes/class-wc-ajax.php(90): do_action('wc_ajax_get_ref...')
#7 /home2/infow082/public_htm, em /home2/infow082/public_html/beehappy/wp-content/themes/owly/framework/woocommerce/cart-utils.php, na linha 84

2023-01-20T18:45:47+00:00 CRITICAL Uncaught Error: Call to a member function get_permalink() on bool in /home2/infow082/public_html/beehappy/wp-content/themes/owly/framework/woocommerce/cart-utils.php:84
Stack trace:
#0 /home2/infow082/public_html/beehappy/wp-includes/class-wp-hook.php(307): owly_woo_cart_fragments(Array)
#1 /home2/infow082/public_html/beehappy/wp-includes/plugin.php(189): WP_Hook->apply_filters(Array, Array)
#2 /home2/infow082/public_html/beehappy/wp-content/plugins/woocommerce/includes/class-wc-ajax.php(191): apply_filters('woocommerce_add...', Array)
#3 /home2/infow082/public_html/beehappy/wp-includes/class-wp-hook.php(307): WC_AJAX::get_refreshed_fragments('')
#4 /home2/infow082/public_html/beehappy/wp-includes/class-wp-hook.php(331): WP_Hook->apply_filters('', Array)
#5 /home2/infow082/public_html/beehappy/wp-includes/plugin.php(474): WP_Hook->do_action(Array)
#6 /home2/infow082/public_html/beehappy/wp-content/plugins/woocommerce/includes/class-wc-ajax.php(90): do_action('wc_ajax_get_ref...')
#7 /home2/infow082/public_htm, em /home2/infow082/public_html/beehappy/wp-content/themes/owly/framework/woocommerce/cart-utils.php, na linha 84

2023-01-20T18:46:55+00:00 CRITICAL Uncaught Error: Call to a member function get_permalink() on bool in /home2/infow082/public_html/beehappy/wp-content/themes/owly/framework/woocommerce/cart-utils.php:84
Stack trace:
#0 /home2/infow082/public_html/beehappy/wp-includes/class-wp-hook.php(307): owly_woo_cart_fragments(Array)
#1 /home2/infow082/public_html/beehappy/wp-includes/plugin.php(189): WP_Hook->apply_filters(Array, Array)
#2 /home2/infow082/public_html/beehappy/wp-content/plugins/woocommerce/includes/class-wc-ajax.php(191): apply_filters('woocommerce_add...', Array)
#3 /home2/infow082/public_html/beehappy/wp-includes/class-wp-hook.php(307): WC_AJAX::get_refreshed_fragments('')
#4 /home2/infow082/public_html/beehappy/wp-includes/class-wp-hook.php(331): WP_Hook->apply_filters('', Array)
#5 /home2/infow082/public_html/beehappy/wp-includes/plugin.php(474): WP_Hook->do_action(Array)
#6 /home2/infow082/public_html/beehappy/wp-content/plugins/woocommerce/includes/class-wc-ajax.php(90): do_action('wc_ajax_get_ref...')
#7 /home2/infow082/public_htm, em /home2/infow082/public_html/beehappy/wp-content/themes/owly/framework/woocommerce/cart-utils.php, na linha 84

2023-01-20T18:47:11+00:00 CRITICAL Uncaught Error: Call to a member function get_permalink() on bool in /home2/infow082/public_html/beehappy/wp-content/themes/owly/framework/woocommerce/cart-utils.php:84
Stack trace:
#0 /home2/infow082/public_html/beehappy/wp-includes/class-wp-hook.php(307): owly_woo_cart_fragments(Array)
#1 /home2/infow082/public_html/beehappy/wp-includes/plugin.php(189): WP_Hook->apply_filters(Array, Array)
#2 /home2/infow082/public_html/beehappy/wp-content/plugins/woocommerce/includes/class-wc-ajax.php(191): apply_filters('woocommerce_add...', Array)
#3 /home2/infow082/public_html/beehappy/wp-includes/class-wp-hook.php(307): WC_AJAX::get_refreshed_fragments('')
#4 /home2/infow082/public_html/beehappy/wp-includes/class-wp-hook.php(331): WP_Hook->apply_filters('', Array)
#5 /home2/infow082/public_html/beehappy/wp-includes/plugin.php(474): WP_Hook->do_action(Array)
#6 /home2/infow082/public_html/beehappy/wp-content/plugins/woocommerce/includes/class-wc-ajax.php(90): do_action('wc_ajax_get_ref...')
#7 /home2/infow082/public_htm, em /home2/infow082/public_html/beehappy/wp-content/themes/owly/framework/woocommerce/cart-utils.php, na linha 84

2023-01-20T18:47:18+00:00 CRITICAL Uncaught Error: Call to a member function get_permalink() on bool in /home2/infow082/public_html/beehappy/wp-content/themes/owly/framework/woocommerce/cart-utils.php:84
Stack trace:
#0 /home2/infow082/public_html/beehappy/wp-includes/class-wp-hook.php(307): owly_woo_cart_fragments(Array)
#1 /home2/infow082/public_html/beehappy/wp-includes/plugin.php(189): WP_Hook->apply_filters(Array, Array)
#2 /home2/infow082/public_html/beehappy/wp-content/plugins/woocommerce/includes/class-wc-ajax.php(191): apply_filters('woocommerce_add...', Array)
#3 /home2/infow082/public_html/beehappy/wp-includes/class-wp-hook.php(307): WC_AJAX::get_refreshed_fragments('')
#4 /home2/infow082/public_html/beehappy/wp-includes/class-wp-hook.php(331): WP_Hook->apply_filters('', Array)
#5 /home2/infow082/public_html/beehappy/wp-includes/plugin.php(474): WP_Hook->do_action(Array)
#6 /home2/infow082/public_html/beehappy/wp-content/plugins/woocommerce/includes/class-wc-ajax.php(90): do_action('wc_ajax_get_ref...')
#7 /home2/infow082/public_htm, em /home2/infow082/public_html/beehappy/wp-content/themes/owly/framework/woocommerce/cart-utils.php, na linha 84

2023-01-20T18:47:27+00:00 CRITICAL Uncaught Error: Call to a member function get_permalink() on bool in /home2/infow082/public_html/beehappy/wp-content/themes/owly/framework/woocommerce/cart-utils.php:84
Stack trace:
#0 /home2/infow082/public_html/beehappy/wp-includes/class-wp-hook.php(307): owly_woo_cart_fragments(Array)
#1 /home2/infow082/public_html/beehappy/wp-includes/plugin.php(189): WP_Hook->apply_filters(Array, Array)
#2 /home2/infow082/public_html/beehappy/wp-content/plugins/woocommerce/includes/class-wc-ajax.php(191): apply_filters('woocommerce_add...', Array)
#3 /home2/infow082/public_html/beehappy/wp-includes/class-wp-hook.php(307): WC_AJAX::get_refreshed_fragments('')
#4 /home2/infow082/public_html/beehappy/wp-includes/class-wp-hook.php(331): WP_Hook->apply_filters('', Array)
#5 /home2/infow082/public_html/beehappy/wp-includes/plugin.php(474): WP_Hook->do_action(Array)
#6 /home2/infow082/public_html/beehappy/wp-content/plugins/woocommerce/includes/class-wc-ajax.php(90): do_action('wc_ajax_get_ref...')
#7 /home2/infow082/public_htm, em /home2/infow082/public_html/beehappy/wp-content/themes/owly/framework/woocommerce/cart-utils.php, na linha 84

2023-01-20T18:49:23+00:00 CRITICAL Uncaught Error: Call to a member function get_permalink() on bool in /home2/infow082/public_html/beehappy/wp-content/themes/owly/framework/woocommerce/cart-utils.php:84
Stack trace:
#0 /home2/infow082/public_html/beehappy/wp-includes/class-wp-hook.php(307): owly_woo_cart_fragments(Array)
#1 /home2/infow082/public_html/beehappy/wp-includes/plugin.php(189): WP_Hook->apply_filters(Array, Array)
#2 /home2/infow082/public_html/beehappy/wp-content/plugins/woocommerce/includes/class-wc-ajax.php(191): apply_filters('woocommerce_add...', Array)
#3 /home2/infow082/public_html/beehappy/wp-includes/class-wp-hook.php(307): WC_AJAX::get_refreshed_fragments('')
#4 /home2/infow082/public_html/beehappy/wp-includes/class-wp-hook.php(331): WP_Hook->apply_filters('', Array)
#5 /home2/infow082/public_html/beehappy/wp-includes/plugin.php(474): WP_Hook->do_action(Array)
#6 /home2/infow082/public_html/beehappy/wp-content/plugins/woocommerce/includes/class-wc-ajax.php(90): do_action('wc_ajax_get_ref...')
#7 /home2/infow082/public_htm, em /home2/infow082/public_html/beehappy/wp-content/themes/owly/framework/woocommerce/cart-utils.php, na linha 84

2023-01-20T18:49:46+00:00 CRITICAL Uncaught Error: Call to a member function get_permalink() on bool in /home2/infow082/public_html/beehappy/wp-content/themes/owly/framework/woocommerce/cart-utils.php:84
Stack trace:
#0 /home2/infow082/public_html/beehappy/wp-includes/class-wp-hook.php(307): owly_woo_cart_fragments(Array)
#1 /home2/infow082/public_html/beehappy/wp-includes/plugin.php(189): WP_Hook->apply_filters(Array, Array)
#2 /home2/infow082/public_html/beehappy/wp-content/plugins/woocommerce/includes/class-wc-ajax.php(191): apply_filters('woocommerce_add...', Array)
#3 /home2/infow082/public_html/beehappy/wp-includes/class-wp-hook.php(307): WC_AJAX::get_refreshed_fragments('')
#4 /home2/infow082/public_html/beehappy/wp-includes/class-wp-hook.php(331): WP_Hook->apply_filters('', Array)
#5 /home2/infow082/public_html/beehappy/wp-includes/plugin.php(474): WP_Hook->do_action(Array)
#6 /home2/infow082/public_html/beehappy/wp-content/plugins/woocommerce/includes/class-wc-ajax.php(90): do_action('wc_ajax_get_ref...')
#7 /home2/infow082/public_htm, em /home2/infow082/public_html/beehappy/wp-content/themes/owly/framework/woocommerce/cart-utils.php, na linha 84

2023-01-20T18:51:39+00:00 CRITICAL Uncaught Error: Call to a member function get_permalink() on bool in /home2/infow082/public_html/beehappy/wp-content/themes/owly/framework/woocommerce/cart-utils.php:84
Stack trace:
#0 /home2/infow082/public_html/beehappy/wp-includes/class-wp-hook.php(307): owly_woo_cart_fragments(Array)
#1 /home2/infow082/public_html/beehappy/wp-includes/plugin.php(189): WP_Hook->apply_filters(Array, Array)
#2 /home2/infow082/public_html/beehappy/wp-content/plugins/woocommerce/includes/class-wc-ajax.php(191): apply_filters('woocommerce_add...', Array)
#3 /home2/infow082/public_html/beehappy/wp-includes/class-wp-hook.php(307): WC_AJAX::get_refreshed_fragments('')
#4 /home2/infow082/public_html/beehappy/wp-includes/class-wp-hook.php(331): WP_Hook->apply_filters('', Array)
#5 /home2/infow082/public_html/beehappy/wp-includes/plugin.php(474): WP_Hook->do_action(Array)
#6 /home2/infow082/public_html/beehappy/wp-content/plugins/woocommerce/includes/class-wc-ajax.php(90): do_action('wc_ajax_get_ref...')
#7 /home2/infow082/public_htm, em /home2/infow082/public_html/beehappy/wp-content/themes/owly/framework/woocommerce/cart-utils.php, na linha 84

2023-01-20T18:51:56+00:00 CRITICAL Uncaught Error: Call to a member function get_permalink() on bool in /home2/infow082/public_html/beehappy/wp-content/themes/owly/framework/woocommerce/cart-utils.php:84
Stack trace:
#0 /home2/infow082/public_html/beehappy/wp-includes/class-wp-hook.php(307): owly_woo_cart_fragments(Array)
#1 /home2/infow082/public_html/beehappy/wp-includes/plugin.php(189): WP_Hook->apply_filters(Array, Array)
#2 /home2/infow082/public_html/beehappy/wp-content/plugins/woocommerce/includes/class-wc-ajax.php(191): apply_filters('woocommerce_add...', Array)
#3 /home2/infow082/public_html/beehappy/wp-includes/class-wp-hook.php(307): WC_AJAX::get_refreshed_fragments('')
#4 /home2/infow082/public_html/beehappy/wp-includes/class-wp-hook.php(331): WP_Hook->apply_filters('', Array)
#5 /home2/infow082/public_html/beehappy/wp-includes/plugin.php(474): WP_Hook->do_action(Array)
#6 /home2/infow082/public_html/beehappy/wp-content/plugins/woocommerce/includes/class-wc-ajax.php(90): do_action('wc_ajax_get_ref...')
#7 /home2/infow082/public_htm, em /home2/infow082/public_html/beehappy/wp-content/themes/owly/framework/woocommerce/cart-utils.php, na linha 84

2023-01-20T18:54:04+00:00 CRITICAL Uncaught Error: Call to a member function get_permalink() on bool in /home2/infow082/public_html/beehappy/wp-content/themes/owly/framework/woocommerce/cart-utils.php:84
Stack trace:
#0 /home2/infow082/public_html/beehappy/wp-includes/class-wp-hook.php(307): owly_woo_cart_fragments(Array)
#1 /home2/infow082/public_html/beehappy/wp-includes/plugin.php(189): WP_Hook->apply_filters(Array, Array)
#2 /home2/infow082/public_html/beehappy/wp-content/plugins/woocommerce/includes/class-wc-ajax.php(191): apply_filters('woocommerce_add...', Array)
#3 /home2/infow082/public_html/beehappy/wp-includes/class-wp-hook.php(307): WC_AJAX::get_refreshed_fragments('')
#4 /home2/infow082/public_html/beehappy/wp-includes/class-wp-hook.php(331): WP_Hook->apply_filters('', Array)
#5 /home2/infow082/public_html/beehappy/wp-includes/plugin.php(474): WP_Hook->do_action(Array)
#6 /home2/infow082/public_html/beehappy/wp-content/plugins/woocommerce/includes/class-wc-ajax.php(90): do_action('wc_ajax_get_ref...')
#7 /home2/infow082/public_htm, em /home2/infow082/public_html/beehappy/wp-content/themes/owly/framework/woocommerce/cart-utils.php, na linha 84

2023-01-20T19:26:36+00:00 CRITICAL Uncaught Error: Call to a member function get_permalink() on bool in /home2/infow082/public_html/beehappy/wp-content/themes/owly/framework/woocommerce/cart-utils.php:84
Stack trace:
#0 /home2/infow082/public_html/beehappy/wp-includes/class-wp-hook.php(307): owly_woo_cart_fragments(Array)
#1 /home2/infow082/public_html/beehappy/wp-includes/plugin.php(189): WP_Hook->apply_filters(Array, Array)
#2 /home2/infow082/public_html/beehappy/wp-content/plugins/woocommerce/includes/class-wc-ajax.php(191): apply_filters('woocommerce_add...', Array)
#3 /home2/infow082/public_html/beehappy/wp-includes/class-wp-hook.php(307): WC_AJAX::get_refreshed_fragments('')
#4 /home2/infow082/public_html/beehappy/wp-includes/class-wp-hook.php(331): WP_Hook->apply_filters('', Array)
#5 /home2/infow082/public_html/beehappy/wp-includes/plugin.php(474): WP_Hook->do_action(Array)
#6 /home2/infow082/public_html/beehappy/wp-content/plugins/woocommerce/includes/class-wc-ajax.php(90): do_action('wc_ajax_get_ref...')
#7 /home2/infow082/public_htm, em /home2/infow082/public_html/beehappy/wp-content/themes/owly/framework/woocommerce/cart-utils.php, na linha 84

2023-01-20T19:29:06+00:00 CRITICAL Uncaught Error: Call to a member function get_permalink() on bool in /home2/infow082/public_html/beehappy/wp-content/themes/owly/framework/woocommerce/cart-utils.php:84
Stack trace:
#0 /home2/infow082/public_html/beehappy/wp-includes/class-wp-hook.php(307): owly_woo_cart_fragments(Array)
#1 /home2/infow082/public_html/beehappy/wp-includes/plugin.php(189): WP_Hook->apply_filters(Array, Array)
#2 /home2/infow082/public_html/beehappy/wp-content/plugins/woocommerce/includes/class-wc-ajax.php(191): apply_filters('woocommerce_add...', Array)
#3 /home2/infow082/public_html/beehappy/wp-includes/class-wp-hook.php(307): WC_AJAX::get_refreshed_fragments('')
#4 /home2/infow082/public_html/beehappy/wp-includes/class-wp-hook.php(331): WP_Hook->apply_filters('', Array)
#5 /home2/infow082/public_html/beehappy/wp-includes/plugin.php(474): WP_Hook->do_action(Array)
#6 /home2/infow082/public_html/beehappy/wp-content/plugins/woocommerce/includes/class-wc-ajax.php(90): do_action('wc_ajax_get_ref...')
#7 /home2/infow082/public_htm, em /home2/infow082/public_html/beehappy/wp-content/themes/owly/framework/woocommerce/cart-utils.php, na linha 84

2023-01-20T19:29:33+00:00 CRITICAL Uncaught Error: Call to a member function get_permalink() on bool in /home2/infow082/public_html/beehappy/wp-content/themes/owly/framework/woocommerce/cart-utils.php:84
Stack trace:
#0 /home2/infow082/public_html/beehappy/wp-includes/class-wp-hook.php(307): owly_woo_cart_fragments(Array)
#1 /home2/infow082/public_html/beehappy/wp-includes/plugin.php(189): WP_Hook->apply_filters(Array, Array)
#2 /home2/infow082/public_html/beehappy/wp-content/plugins/woocommerce/includes/class-wc-ajax.php(191): apply_filters('woocommerce_add...', Array)
#3 /home2/infow082/public_html/beehappy/wp-includes/class-wp-hook.php(307): WC_AJAX::get_refreshed_fragments('')
#4 /home2/infow082/public_html/beehappy/wp-includes/class-wp-hook.php(331): WP_Hook->apply_filters('', Array)
#5 /home2/infow082/public_html/beehappy/wp-includes/plugin.php(474): WP_Hook->do_action(Array)
#6 /home2/infow082/public_html/beehappy/wp-content/plugins/woocommerce/includes/class-wc-ajax.php(90): do_action('wc_ajax_get_ref...')
#7 /home2/infow082/public_htm, em /home2/infow082/public_html/beehappy/wp-content/themes/owly/framework/woocommerce/cart-utils.php, na linha 84

2023-01-20T19:29:39+00:00 CRITICAL Uncaught Error: Call to a member function get_permalink() on bool in /home2/infow082/public_html/beehappy/wp-content/themes/owly/framework/woocommerce/cart-utils.php:84
Stack trace:
#0 /home2/infow082/public_html/beehappy/wp-includes/class-wp-hook.php(307): owly_woo_cart_fragments(Array)
#1 /home2/infow082/public_html/beehappy/wp-includes/plugin.php(189): WP_Hook->apply_filters(Array, Array)
#2 /home2/infow082/public_html/beehappy/wp-content/plugins/woocommerce/includes/class-wc-ajax.php(191): apply_filters('woocommerce_add...', Array)
#3 /home2/infow082/public_html/beehappy/wp-includes/class-wp-hook.php(307): WC_AJAX::get_refreshed_fragments('')
#4 /home2/infow082/public_html/beehappy/wp-includes/class-wp-hook.php(331): WP_Hook->apply_filters('', Array)
#5 /home2/infow082/public_html/beehappy/wp-includes/plugin.php(474): WP_Hook->do_action(Array)
#6 /home2/infow082/public_html/beehappy/wp-content/plugins/woocommerce/includes/class-wc-ajax.php(90): do_action('wc_ajax_get_ref...')
#7 /home2/infow082/public_htm, em /home2/infow082/public_html/beehappy/wp-content/themes/owly/framework/woocommerce/cart-utils.php, na linha 84

2023-01-20T19:29:57+00:00 CRITICAL Uncaught Error: Call to a member function get_permalink() on bool in /home2/infow082/public_html/beehappy/wp-content/themes/owly/framework/woocommerce/cart-utils.php:84
Stack trace:
#0 /home2/infow082/public_html/beehappy/wp-includes/class-wp-hook.php(307): owly_woo_cart_fragments(Array)
#1 /home2/infow082/public_html/beehappy/wp-includes/plugin.php(189): WP_Hook->apply_filters(Array, Array)
#2 /home2/infow082/public_html/beehappy/wp-content/plugins/woocommerce/includes/class-wc-ajax.php(191): apply_filters('woocommerce_add...', Array)
#3 /home2/infow082/public_html/beehappy/wp-includes/class-wp-hook.php(307): WC_AJAX::get_refreshed_fragments('')
#4 /home2/infow082/public_html/beehappy/wp-includes/class-wp-hook.php(331): WP_Hook->apply_filters('', Array)
#5 /home2/infow082/public_html/beehappy/wp-includes/plugin.php(474): WP_Hook->do_action(Array)
#6 /home2/infow082/public_html/beehappy/wp-content/plugins/woocommerce/includes/class-wc-ajax.php(90): do_action('wc_ajax_get_ref...')
#7 /home2/infow082/public_htm, em /home2/infow082/public_html/beehappy/wp-content/themes/owly/framework/woocommerce/cart-utils.php, na linha 84

2023-01-20T19:32:19+00:00 CRITICAL Uncaught Error: Call to a member function get_permalink() on bool in /home2/infow082/public_html/beehappy/wp-content/themes/owly/framework/woocommerce/cart-utils.php:84
Stack trace:
#0 /home2/infow082/public_html/beehappy/wp-includes/class-wp-hook.php(307): owly_woo_cart_fragments(Array)
#1 /home2/infow082/public_html/beehappy/wp-includes/plugin.php(189): WP_Hook->apply_filters(Array, Array)
#2 /home2/infow082/public_html/beehappy/wp-content/plugins/woocommerce/includes/class-wc-ajax.php(191): apply_filters('woocommerce_add...', Array)
#3 /home2/infow082/public_html/beehappy/wp-includes/class-wp-hook.php(307): WC_AJAX::get_refreshed_fragments('')
#4 /home2/infow082/public_html/beehappy/wp-includes/class-wp-hook.php(331): WP_Hook->apply_filters('', Array)
#5 /home2/infow082/public_html/beehappy/wp-includes/plugin.php(474): WP_Hook->do_action(Array)
#6 /home2/infow082/public_html/beehappy/wp-content/plugins/woocommerce/includes/class-wc-ajax.php(90): do_action('wc_ajax_get_ref...')
#7 /home2/infow082/public_htm, em /home2/infow082/public_html/beehappy/wp-content/themes/owly/framework/woocommerce/cart-utils.php, na linha 84

2023-01-20T19:32:46+00:00 CRITICAL Uncaught Error: Call to a member function get_permalink() on bool in /home2/infow082/public_html/beehappy/wp-content/themes/owly/framework/woocommerce/cart-utils.php:84
Stack trace:
#0 /home2/infow082/public_html/beehappy/wp-includes/class-wp-hook.php(307): owly_woo_cart_fragments(Array)
#1 /home2/infow082/public_html/beehappy/wp-includes/plugin.php(189): WP_Hook->apply_filters(Array, Array)
#2 /home2/infow082/public_html/beehappy/wp-content/plugins/woocommerce/includes/class-wc-ajax.php(191): apply_filters('woocommerce_add...', Array)
#3 /home2/infow082/public_html/beehappy/wp-includes/class-wp-hook.php(307): WC_AJAX::get_refreshed_fragments('')
#4 /home2/infow082/public_html/beehappy/wp-includes/class-wp-hook.php(331): WP_Hook->apply_filters('', Array)
#5 /home2/infow082/public_html/beehappy/wp-includes/plugin.php(474): WP_Hook->do_action(Array)
#6 /home2/infow082/public_html/beehappy/wp-content/plugins/woocommerce/includes/class-wc-ajax.php(90): do_action('wc_ajax_get_ref...')
#7 /home2/infow082/public_htm, em /home2/infow082/public_html/beehappy/wp-content/themes/owly/framework/woocommerce/cart-utils.php, na linha 84

2023-01-20T19:33:17+00:00 CRITICAL Uncaught Error: Call to a member function get_permalink() on bool in /home2/infow082/public_html/beehappy/wp-content/themes/owly/framework/woocommerce/cart-utils.php:84
Stack trace:
#0 /home2/infow082/public_html/beehappy/wp-includes/class-wp-hook.php(307): owly_woo_cart_fragments(Array)
#1 /home2/infow082/public_html/beehappy/wp-includes/plugin.php(189): WP_Hook->apply_filters(Array, Array)
#2 /home2/infow082/public_html/beehappy/wp-content/plugins/woocommerce/includes/class-wc-ajax.php(191): apply_filters('woocommerce_add...', Array)
#3 /home2/infow082/public_html/beehappy/wp-includes/class-wp-hook.php(307): WC_AJAX::get_refreshed_fragments('')
#4 /home2/infow082/public_html/beehappy/wp-includes/class-wp-hook.php(331): WP_Hook->apply_filters('', Array)
#5 /home2/infow082/public_html/beehappy/wp-includes/plugin.php(474): WP_Hook->do_action(Array)
#6 /home2/infow082/public_html/beehappy/wp-content/plugins/woocommerce/includes/class-wc-ajax.php(90): do_action('wc_ajax_get_ref...')
#7 /home2/infow082/public_htm, em /home2/infow082/public_html/beehappy/wp-content/themes/owly/framework/woocommerce/cart-utils.php, na linha 84

2023-01-20T19:33:40+00:00 CRITICAL Uncaught Error: Call to a member function get_permalink() on bool in /home2/infow082/public_html/beehappy/wp-content/themes/owly/framework/woocommerce/cart-utils.php:84
Stack trace:
#0 /home2/infow082/public_html/beehappy/wp-includes/class-wp-hook.php(307): owly_woo_cart_fragments(Array)
#1 /home2/infow082/public_html/beehappy/wp-includes/plugin.php(189): WP_Hook->apply_filters(Array, Array)
#2 /home2/infow082/public_html/beehappy/wp-content/plugins/woocommerce/includes/class-wc-ajax.php(191): apply_filters('woocommerce_add...', Array)
#3 /home2/infow082/public_html/beehappy/wp-includes/class-wp-hook.php(307): WC_AJAX::get_refreshed_fragments('')
#4 /home2/infow082/public_html/beehappy/wp-includes/class-wp-hook.php(331): WP_Hook->apply_filters('', Array)
#5 /home2/infow082/public_html/beehappy/wp-includes/plugin.php(474): WP_Hook->do_action(Array)
#6 /home2/infow082/public_html/beehappy/wp-content/plugins/woocommerce/includes/class-wc-ajax.php(90): do_action('wc_ajax_get_ref...')
#7 /home2/infow082/public_htm, em /home2/infow082/public_html/beehappy/wp-content/themes/owly/framework/woocommerce/cart-utils.php, na linha 84

2023-01-20T19:33:51+00:00 CRITICAL Uncaught Error: Call to a member function get_permalink() on bool in /home2/infow082/public_html/beehappy/wp-content/themes/owly/framework/woocommerce/cart-utils.php:84
Stack trace:
#0 /home2/infow082/public_html/beehappy/wp-includes/class-wp-hook.php(307): owly_woo_cart_fragments(Array)
#1 /home2/infow082/public_html/beehappy/wp-includes/plugin.php(189): WP_Hook->apply_filters(Array, Array)
#2 /home2/infow082/public_html/beehappy/wp-content/plugins/woocommerce/includes/class-wc-ajax.php(191): apply_filters('woocommerce_add...', Array)
#3 /home2/infow082/public_html/beehappy/wp-includes/class-wp-hook.php(307): WC_AJAX::get_refreshed_fragments('')
#4 /home2/infow082/public_html/beehappy/wp-includes/class-wp-hook.php(331): WP_Hook->apply_filters('', Array)
#5 /home2/infow082/public_html/beehappy/wp-includes/plugin.php(474): WP_Hook->do_action(Array)
#6 /home2/infow082/public_html/beehappy/wp-content/plugins/woocommerce/includes/class-wc-ajax.php(90): do_action('wc_ajax_get_ref...')
#7 /home2/infow082/public_htm, em /home2/infow082/public_html/beehappy/wp-content/themes/owly/framework/woocommerce/cart-utils.php, na linha 84

2023-01-20T19:37:20+00:00 CRITICAL Uncaught Error: Call to a member function get_permalink() on bool in /home2/infow082/public_html/beehappy/wp-content/themes/owly/framework/woocommerce/cart-utils.php:84
Stack trace:
#0 /home2/infow082/public_html/beehappy/wp-includes/class-wp-hook.php(307): owly_woo_cart_fragments(Array)
#1 /home2/infow082/public_html/beehappy/wp-includes/plugin.php(189): WP_Hook->apply_filters(Array, Array)
#2 /home2/infow082/public_html/beehappy/wp-content/plugins/woocommerce/includes/class-wc-ajax.php(191): apply_filters('woocommerce_add...', Array)
#3 /home2/infow082/public_html/beehappy/wp-includes/class-wp-hook.php(307): WC_AJAX::get_refreshed_fragments('')
#4 /home2/infow082/public_html/beehappy/wp-includes/class-wp-hook.php(331): WP_Hook->apply_filters('', Array)
#5 /home2/infow082/public_html/beehappy/wp-includes/plugin.php(474): WP_Hook->do_action(Array)
#6 /home2/infow082/public_html/beehappy/wp-content/plugins/woocommerce/includes/class-wc-ajax.php(90): do_action('wc_ajax_get_ref...')
#7 /home2/infow082/public_htm, em /home2/infow082/public_html/beehappy/wp-content/themes/owly/framework/woocommerce/cart-utils.php, na linha 84

2023-01-20T19:37:38+00:00 CRITICAL Uncaught Error: Call to a member function get_permalink() on bool in /home2/infow082/public_html/beehappy/wp-content/themes/owly/framework/woocommerce/cart-utils.php:84
Stack trace:
#0 /home2/infow082/public_html/beehappy/wp-includes/class-wp-hook.php(307): owly_woo_cart_fragments(Array)
#1 /home2/infow082/public_html/beehappy/wp-includes/plugin.php(189): WP_Hook->apply_filters(Array, Array)
#2 /home2/infow082/public_html/beehappy/wp-content/plugins/woocommerce/includes/class-wc-ajax.php(191): apply_filters('woocommerce_add...', Array)
#3 /home2/infow082/public_html/beehappy/wp-includes/class-wp-hook.php(307): WC_AJAX::get_refreshed_fragments('')
#4 /home2/infow082/public_html/beehappy/wp-includes/class-wp-hook.php(331): WP_Hook->apply_filters('', Array)
#5 /home2/infow082/public_html/beehappy/wp-includes/plugin.php(474): WP_Hook->do_action(Array)
#6 /home2/infow082/public_html/beehappy/wp-content/plugins/woocommerce/includes/class-wc-ajax.php(90): do_action('wc_ajax_get_ref...')
#7 /home2/infow082/public_htm, em /home2/infow082/public_html/beehappy/wp-content/themes/owly/framework/woocommerce/cart-utils.php, na linha 84

2023-01-20T19:37:40+00:00 CRITICAL Uncaught Error: Call to a member function get_permalink() on bool in /home2/infow082/public_html/beehappy/wp-content/themes/owly/framework/woocommerce/cart-utils.php:84
Stack trace:
#0 /home2/infow082/public_html/beehappy/wp-includes/class-wp-hook.php(307): owly_woo_cart_fragments(Array)
#1 /home2/infow082/public_html/beehappy/wp-includes/plugin.php(189): WP_Hook->apply_filters(Array, Array)
#2 /home2/infow082/public_html/beehappy/wp-content/plugins/woocommerce/includes/class-wc-ajax.php(191): apply_filters('woocommerce_add...', Array)
#3 /home2/infow082/public_html/beehappy/wp-includes/class-wp-hook.php(307): WC_AJAX::get_refreshed_fragments('')
#4 /home2/infow082/public_html/beehappy/wp-includes/class-wp-hook.php(331): WP_Hook->apply_filters('', Array)
#5 /home2/infow082/public_html/beehappy/wp-includes/plugin.php(474): WP_Hook->do_action(Array)
#6 /home2/infow082/public_html/beehappy/wp-content/plugins/woocommerce/includes/class-wc-ajax.php(90): do_action('wc_ajax_get_ref...')
#7 /home2/infow082/public_htm, em /home2/infow082/public_html/beehappy/wp-content/themes/owly/framework/woocommerce/cart-utils.php, na linha 84

2023-01-20T19:37:50+00:00 CRITICAL Uncaught Error: Call to a member function get_permalink() on bool in /home2/infow082/public_html/beehappy/wp-content/themes/owly/framework/woocommerce/cart-utils.php:84
Stack trace:
#0 /home2/infow082/public_html/beehappy/wp-includes/class-wp-hook.php(307): owly_woo_cart_fragments(Array)
#1 /home2/infow082/public_html/beehappy/wp-includes/plugin.php(189): WP_Hook->apply_filters(Array, Array)
#2 /home2/infow082/public_html/beehappy/wp-content/plugins/woocommerce/includes/class-wc-ajax.php(191): apply_filters('woocommerce_add...', Array)
#3 /home2/infow082/public_html/beehappy/wp-includes/class-wp-hook.php(307): WC_AJAX::get_refreshed_fragments('')
#4 /home2/infow082/public_html/beehappy/wp-includes/class-wp-hook.php(331): WP_Hook->apply_filters('', Array)
#5 /home2/infow082/public_html/beehappy/wp-includes/plugin.php(474): WP_Hook->do_action(Array)
#6 /home2/infow082/public_html/beehappy/wp-content/plugins/woocommerce/includes/class-wc-ajax.php(90): do_action('wc_ajax_get_ref...')
#7 /home2/infow082/public_htm, em /home2/infow082/public_html/beehappy/wp-content/themes/owly/framework/woocommerce/cart-utils.php, na linha 84

2023-01-20T19:38:39+00:00 CRITICAL Uncaught Error: Call to a member function get_permalink() on bool in /home2/infow082/public_html/beehappy/wp-content/themes/owly/framework/woocommerce/cart-utils.php:84
Stack trace:
#0 /home2/infow082/public_html/beehappy/wp-includes/class-wp-hook.php(307): owly_woo_cart_fragments(Array)
#1 /home2/infow082/public_html/beehappy/wp-includes/plugin.php(189): WP_Hook->apply_filters(Array, Array)
#2 /home2/infow082/public_html/beehappy/wp-content/plugins/woocommerce/includes/class-wc-ajax.php(191): apply_filters('woocommerce_add...', Array)
#3 /home2/infow082/public_html/beehappy/wp-includes/class-wp-hook.php(307): WC_AJAX::get_refreshed_fragments('')
#4 /home2/infow082/public_html/beehappy/wp-includes/class-wp-hook.php(331): WP_Hook->apply_filters('', Array)
#5 /home2/infow082/public_html/beehappy/wp-includes/plugin.php(474): WP_Hook->do_action(Array)
#6 /home2/infow082/public_html/beehappy/wp-content/plugins/woocommerce/includes/class-wc-ajax.php(90): do_action('wc_ajax_get_ref...')
#7 /home2/infow082/public_htm, em /home2/infow082/public_html/beehappy/wp-content/themes/owly/framework/woocommerce/cart-utils.php, na linha 84

2023-01-20T19:39:08+00:00 CRITICAL Uncaught Error: Call to a member function get_permalink() on bool in /home2/infow082/public_html/beehappy/wp-content/themes/owly/framework/woocommerce/cart-utils.php:84
Stack trace:
#0 /home2/infow082/public_html/beehappy/wp-includes/class-wp-hook.php(307): owly_woo_cart_fragments(Array)
#1 /home2/infow082/public_html/beehappy/wp-includes/plugin.php(189): WP_Hook->apply_filters(Array, Array)
#2 /home2/infow082/public_html/beehappy/wp-content/plugins/woocommerce/includes/class-wc-ajax.php(191): apply_filters('woocommerce_add...', Array)
#3 /home2/infow082/public_html/beehappy/wp-includes/class-wp-hook.php(307): WC_AJAX::get_refreshed_fragments('')
#4 /home2/infow082/public_html/beehappy/wp-includes/class-wp-hook.php(331): WP_Hook->apply_filters('', Array)
#5 /home2/infow082/public_html/beehappy/wp-includes/plugin.php(474): WP_Hook->do_action(Array)
#6 /home2/infow082/public_html/beehappy/wp-content/plugins/woocommerce/includes/class-wc-ajax.php(90): do_action('wc_ajax_get_ref...')
#7 /home2/infow082/public_htm, em /home2/infow082/public_html/beehappy/wp-content/themes/owly/framework/woocommerce/cart-utils.php, na linha 84

2023-01-20T19:40:00+00:00 CRITICAL Uncaught Error: Call to a member function get_permalink() on bool in /home2/infow082/public_html/beehappy/wp-content/themes/owly/framework/woocommerce/cart-utils.php:84
Stack trace:
#0 /home2/infow082/public_html/beehappy/wp-includes/class-wp-hook.php(307): owly_woo_cart_fragments(Array)
#1 /home2/infow082/public_html/beehappy/wp-includes/plugin.php(189): WP_Hook->apply_filters(Array, Array)
#2 /home2/infow082/public_html/beehappy/wp-content/plugins/woocommerce/includes/class-wc-ajax.php(191): apply_filters('woocommerce_add...', Array)
#3 /home2/infow082/public_html/beehappy/wp-includes/class-wp-hook.php(307): WC_AJAX::get_refreshed_fragments('')
#4 /home2/infow082/public_html/beehappy/wp-includes/class-wp-hook.php(331): WP_Hook->apply_filters('', Array)
#5 /home2/infow082/public_html/beehappy/wp-includes/plugin.php(474): WP_Hook->do_action(Array)
#6 /home2/infow082/public_html/beehappy/wp-content/plugins/woocommerce/includes/class-wc-ajax.php(90): do_action('wc_ajax_get_ref...')
#7 /home2/infow082/public_htm, em /home2/infow082/public_html/beehappy/wp-content/themes/owly/framework/woocommerce/cart-utils.php, na linha 84

2023-01-20T19:40:11+00:00 CRITICAL Uncaught Error: Call to a member function get_permalink() on bool in /home2/infow082/public_html/beehappy/wp-content/themes/owly/framework/woocommerce/cart-utils.php:84
Stack trace:
#0 /home2/infow082/public_html/beehappy/wp-includes/class-wp-hook.php(307): owly_woo_cart_fragments(Array)
#1 /home2/infow082/public_html/beehappy/wp-includes/plugin.php(189): WP_Hook->apply_filters(Array, Array)
#2 /home2/infow082/public_html/beehappy/wp-content/plugins/woocommerce/includes/class-wc-ajax.php(191): apply_filters('woocommerce_add...', Array)
#3 /home2/infow082/public_html/beehappy/wp-includes/class-wp-hook.php(307): WC_AJAX::get_refreshed_fragments('')
#4 /home2/infow082/public_html/beehappy/wp-includes/class-wp-hook.php(331): WP_Hook->apply_filters('', Array)
#5 /home2/infow082/public_html/beehappy/wp-includes/plugin.php(474): WP_Hook->do_action(Array)
#6 /home2/infow082/public_html/beehappy/wp-content/plugins/woocommerce/includes/class-wc-ajax.php(90): do_action('wc_ajax_get_ref...')
#7 /home2/infow082/public_htm, em /home2/infow082/public_html/beehappy/wp-content/themes/owly/framework/woocommerce/cart-utils.php, na linha 84

2023-01-20T19:40:20+00:00 CRITICAL Uncaught Error: Call to a member function get_permalink() on bool in /home2/infow082/public_html/beehappy/wp-content/themes/owly/framework/woocommerce/cart-utils.php:84
Stack trace:
#0 /home2/infow082/public_html/beehappy/wp-includes/class-wp-hook.php(307): owly_woo_cart_fragments(Array)
#1 /home2/infow082/public_html/beehappy/wp-includes/plugin.php(189): WP_Hook->apply_filters(Array, Array)
#2 /home2/infow082/public_html/beehappy/wp-content/plugins/woocommerce/includes/class-wc-ajax.php(191): apply_filters('woocommerce_add...', Array)
#3 /home2/infow082/public_html/beehappy/wp-includes/class-wp-hook.php(307): WC_AJAX::get_refreshed_fragments('')
#4 /home2/infow082/public_html/beehappy/wp-includes/class-wp-hook.php(331): WP_Hook->apply_filters('', Array)
#5 /home2/infow082/public_html/beehappy/wp-includes/plugin.php(474): WP_Hook->do_action(Array)
#6 /home2/infow082/public_html/beehappy/wp-content/plugins/woocommerce/includes/class-wc-ajax.php(90): do_action('wc_ajax_get_ref...')
#7 /home2/infow082/public_htm, em /home2/infow082/public_html/beehappy/wp-content/themes/owly/framework/woocommerce/cart-utils.php, na linha 84

2023-01-20T19:40:26+00:00 CRITICAL Uncaught Error: Call to a member function get_permalink() on bool in /home2/infow082/public_html/beehappy/wp-content/themes/owly/framework/woocommerce/cart-utils.php:84
Stack trace:
#0 /home2/infow082/public_html/beehappy/wp-includes/class-wp-hook.php(307): owly_woo_cart_fragments(Array)
#1 /home2/infow082/public_html/beehappy/wp-includes/plugin.php(189): WP_Hook->apply_filters(Array, Array)
#2 /home2/infow082/public_html/beehappy/wp-content/plugins/woocommerce/includes/class-wc-ajax.php(191): apply_filters('woocommerce_add...', Array)
#3 /home2/infow082/public_html/beehappy/wp-includes/class-wp-hook.php(307): WC_AJAX::get_refreshed_fragments('')
#4 /home2/infow082/public_html/beehappy/wp-includes/class-wp-hook.php(331): WP_Hook->apply_filters('', Array)
#5 /home2/infow082/public_html/beehappy/wp-includes/plugin.php(474): WP_Hook->do_action(Array)
#6 /home2/infow082/public_html/beehappy/wp-content/plugins/woocommerce/includes/class-wc-ajax.php(90): do_action('wc_ajax_get_ref...')
#7 /home2/infow082/public_htm, em /home2/infow082/public_html/beehappy/wp-content/themes/owly/framework/woocommerce/cart-utils.php, na linha 84

2023-01-20T19:40:30+00:00 CRITICAL Uncaught Error: Call to a member function get_permalink() on bool in /home2/infow082/public_html/beehappy/wp-content/themes/owly/framework/woocommerce/cart-utils.php:84
Stack trace:
#0 /home2/infow082/public_html/beehappy/wp-includes/class-wp-hook.php(307): owly_woo_cart_fragments(Array)
#1 /home2/infow082/public_html/beehappy/wp-includes/plugin.php(189): WP_Hook->apply_filters(Array, Array)
#2 /home2/infow082/public_html/beehappy/wp-content/plugins/woocommerce/includes/class-wc-ajax.php(191): apply_filters('woocommerce_add...', Array)
#3 /home2/infow082/public_html/beehappy/wp-includes/class-wp-hook.php(307): WC_AJAX::get_refreshed_fragments('')
#4 /home2/infow082/public_html/beehappy/wp-includes/class-wp-hook.php(331): WP_Hook->apply_filters('', Array)
#5 /home2/infow082/public_html/beehappy/wp-includes/plugin.php(474): WP_Hook->do_action(Array)
#6 /home2/infow082/public_html/beehappy/wp-content/plugins/woocommerce/includes/class-wc-ajax.php(90): do_action('wc_ajax_get_ref...')
#7 /home2/infow082/public_htm, em /home2/infow082/public_html/beehappy/wp-content/themes/owly/framework/woocommerce/cart-utils.php, na linha 84

2023-01-20T19:42:00+00:00 CRITICAL Uncaught Error: Call to a member function get_permalink() on bool in /home2/infow082/public_html/beehappy/wp-content/themes/owly/framework/woocommerce/cart-utils.php:84
Stack trace:
#0 /home2/infow082/public_html/beehappy/wp-includes/class-wp-hook.php(307): owly_woo_cart_fragments(Array)
#1 /home2/infow082/public_html/beehappy/wp-includes/plugin.php(189): WP_Hook->apply_filters(Array, Array)
#2 /home2/infow082/public_html/beehappy/wp-content/plugins/woocommerce/includes/class-wc-ajax.php(191): apply_filters('woocommerce_add...', Array)
#3 /home2/infow082/public_html/beehappy/wp-includes/class-wp-hook.php(307): WC_AJAX::get_refreshed_fragments('')
#4 /home2/infow082/public_html/beehappy/wp-includes/class-wp-hook.php(331): WP_Hook->apply_filters('', Array)
#5 /home2/infow082/public_html/beehappy/wp-includes/plugin.php(474): WP_Hook->do_action(Array)
#6 /home2/infow082/public_html/beehappy/wp-content/plugins/woocommerce/includes/class-wc-ajax.php(90): do_action('wc_ajax_get_ref...')
#7 /home2/infow082/public_htm, em /home2/infow082/public_html/beehappy/wp-content/themes/owly/framework/woocommerce/cart-utils.php, na linha 84

2023-01-20T19:42:39+00:00 CRITICAL Uncaught Error: Call to a member function get_permalink() on bool in /home2/infow082/public_html/beehappy/wp-content/themes/owly/framework/woocommerce/cart-utils.php:84
Stack trace:
#0 /home2/infow082/public_html/beehappy/wp-includes/class-wp-hook.php(307): owly_woo_cart_fragments(Array)
#1 /home2/infow082/public_html/beehappy/wp-includes/plugin.php(189): WP_Hook->apply_filters(Array, Array)
#2 /home2/infow082/public_html/beehappy/wp-content/plugins/woocommerce/includes/class-wc-ajax.php(191): apply_filters('woocommerce_add...', Array)
#3 /home2/infow082/public_html/beehappy/wp-includes/class-wp-hook.php(307): WC_AJAX::get_refreshed_fragments('')
#4 /home2/infow082/public_html/beehappy/wp-includes/class-wp-hook.php(331): WP_Hook->apply_filters('', Array)
#5 /home2/infow082/public_html/beehappy/wp-includes/plugin.php(474): WP_Hook->do_action(Array)
#6 /home2/infow082/public_html/beehappy/wp-content/plugins/woocommerce/includes/class-wc-ajax.php(90): do_action('wc_ajax_get_ref...')
#7 /home2/infow082/public_htm, em /home2/infow082/public_html/beehappy/wp-content/themes/owly/framework/woocommerce/cart-utils.php, na linha 84

2023-01-20T19:42:44+00:00 CRITICAL Uncaught Error: Call to a member function get_permalink() on bool in /home2/infow082/public_html/beehappy/wp-content/themes/owly/framework/woocommerce/cart-utils.php:84
Stack trace:
#0 /home2/infow082/public_html/beehappy/wp-includes/class-wp-hook.php(307): owly_woo_cart_fragments(Array)
#1 /home2/infow082/public_html/beehappy/wp-includes/plugin.php(189): WP_Hook->apply_filters(Array, Array)
#2 /home2/infow082/public_html/beehappy/wp-content/plugins/woocommerce/includes/class-wc-ajax.php(191): apply_filters('woocommerce_add...', Array)
#3 /home2/infow082/public_html/beehappy/wp-includes/class-wp-hook.php(307): WC_AJAX::get_refreshed_fragments('')
#4 /home2/infow082/public_html/beehappy/wp-includes/class-wp-hook.php(331): WP_Hook->apply_filters('', Array)
#5 /home2/infow082/public_html/beehappy/wp-includes/plugin.php(474): WP_Hook->do_action(Array)
#6 /home2/infow082/public_html/beehappy/wp-content/plugins/woocommerce/includes/class-wc-ajax.php(90): do_action('wc_ajax_get_ref...')
#7 /home2/infow082/public_htm, em /home2/infow082/public_html/beehappy/wp-content/themes/owly/framework/woocommerce/cart-utils.php, na linha 84

2023-01-20T19:43:48+00:00 CRITICAL Uncaught Error: Call to a member function get_permalink() on bool in /home2/infow082/public_html/beehappy/wp-content/themes/owly/framework/woocommerce/cart-utils.php:84
Stack trace:
#0 /home2/infow082/public_html/beehappy/wp-includes/class-wp-hook.php(307): owly_woo_cart_fragments(Array)
#1 /home2/infow082/public_html/beehappy/wp-includes/plugin.php(189): WP_Hook->apply_filters(Array, Array)
#2 /home2/infow082/public_html/beehappy/wp-content/plugins/woocommerce/includes/class-wc-ajax.php(191): apply_filters('woocommerce_add...', Array)
#3 /home2/infow082/public_html/beehappy/wp-includes/class-wp-hook.php(307): WC_AJAX::get_refreshed_fragments('')
#4 /home2/infow082/public_html/beehappy/wp-includes/class-wp-hook.php(331): WP_Hook->apply_filters('', Array)
#5 /home2/infow082/public_html/beehappy/wp-includes/plugin.php(474): WP_Hook->do_action(Array)
#6 /home2/infow082/public_html/beehappy/wp-content/plugins/woocommerce/includes/class-wc-ajax.php(90): do_action('wc_ajax_get_ref...')
#7 /home2/infow082/public_htm, em /home2/infow082/public_html/beehappy/wp-content/themes/owly/framework/woocommerce/cart-utils.php, na linha 84

2023-01-20T19:44:34+00:00 CRITICAL Uncaught Error: Call to a member function get_permalink() on bool in /home2/infow082/public_html/beehappy/wp-content/themes/owly/framework/woocommerce/cart-utils.php:84
Stack trace:
#0 /home2/infow082/public_html/beehappy/wp-includes/class-wp-hook.php(307): owly_woo_cart_fragments(Array)
#1 /home2/infow082/public_html/beehappy/wp-includes/plugin.php(189): WP_Hook->apply_filters(Array, Array)
#2 /home2/infow082/public_html/beehappy/wp-content/plugins/woocommerce/includes/class-wc-ajax.php(191): apply_filters('woocommerce_add...', Array)
#3 /home2/infow082/public_html/beehappy/wp-includes/class-wp-hook.php(307): WC_AJAX::get_refreshed_fragments('')
#4 /home2/infow082/public_html/beehappy/wp-includes/class-wp-hook.php(331): WP_Hook->apply_filters('', Array)
#5 /home2/infow082/public_html/beehappy/wp-includes/plugin.php(474): WP_Hook->do_action(Array)
#6 /home2/infow082/public_html/beehappy/wp-content/plugins/woocommerce/includes/class-wc-ajax.php(90): do_action('wc_ajax_get_ref...')
#7 /home2/infow082/public_htm, em /home2/infow082/public_html/beehappy/wp-content/themes/owly/framework/woocommerce/cart-utils.php, na linha 84

2023-01-20T19:46:18+00:00 CRITICAL Uncaught Error: Call to a member function get_permalink() on bool in /home2/infow082/public_html/beehappy/wp-content/themes/owly/framework/woocommerce/cart-utils.php:84
Stack trace:
#0 /home2/infow082/public_html/beehappy/wp-includes/class-wp-hook.php(307): owly_woo_cart_fragments(Array)
#1 /home2/infow082/public_html/beehappy/wp-includes/plugin.php(189): WP_Hook->apply_filters(Array, Array)
#2 /home2/infow082/public_html/beehappy/wp-content/plugins/woocommerce/includes/class-wc-ajax.php(191): apply_filters('woocommerce_add...', Array)
#3 /home2/infow082/public_html/beehappy/wp-includes/class-wp-hook.php(307): WC_AJAX::get_refreshed_fragments('')
#4 /home2/infow082/public_html/beehappy/wp-includes/class-wp-hook.php(331): WP_Hook->apply_filters('', Array)
#5 /home2/infow082/public_html/beehappy/wp-includes/plugin.php(474): WP_Hook->do_action(Array)
#6 /home2/infow082/public_html/beehappy/wp-content/plugins/woocommerce/includes/class-wc-ajax.php(90): do_action('wc_ajax_get_ref...')
#7 /home2/infow082/public_htm, em /home2/infow082/public_html/beehappy/wp-content/themes/owly/framework/woocommerce/cart-utils.php, na linha 84

2023-01-20T19:48:11+00:00 CRITICAL Uncaught Error: Call to a member function get_permalink() on bool in /home2/infow082/public_html/beehappy/wp-content/themes/owly/framework/woocommerce/cart-utils.php:84
Stack trace:
#0 /home2/infow082/public_html/beehappy/wp-includes/class-wp-hook.php(307): owly_woo_cart_fragments(Array)
#1 /home2/infow082/public_html/beehappy/wp-includes/plugin.php(189): WP_Hook->apply_filters(Array, Array)
#2 /home2/infow082/public_html/beehappy/wp-content/plugins/woocommerce/includes/class-wc-ajax.php(191): apply_filters('woocommerce_add...', Array)
#3 /home2/infow082/public_html/beehappy/wp-includes/class-wp-hook.php(307): WC_AJAX::get_refreshed_fragments('')
#4 /home2/infow082/public_html/beehappy/wp-includes/class-wp-hook.php(331): WP_Hook->apply_filters('', Array)
#5 /home2/infow082/public_html/beehappy/wp-includes/plugin.php(474): WP_Hook->do_action(Array)
#6 /home2/infow082/public_html/beehappy/wp-content/plugins/woocommerce/includes/class-wc-ajax.php(90): do_action('wc_ajax_get_ref...')
#7 /home2/infow082/public_htm, em /home2/infow082/public_html/beehappy/wp-content/themes/owly/framework/woocommerce/cart-utils.php, na linha 84

2023-01-20T19:49:08+00:00 CRITICAL Uncaught Error: Call to a member function get_permalink() on bool in /home2/infow082/public_html/beehappy/wp-content/themes/owly/framework/woocommerce/cart-utils.php:84
Stack trace:
#0 /home2/infow082/public_html/beehappy/wp-includes/class-wp-hook.php(307): owly_woo_cart_fragments(Array)
#1 /home2/infow082/public_html/beehappy/wp-includes/plugin.php(189): WP_Hook->apply_filters(Array, Array)
#2 /home2/infow082/public_html/beehappy/wp-content/plugins/woocommerce/includes/class-wc-ajax.php(191): apply_filters('woocommerce_add...', Array)
#3 /home2/infow082/public_html/beehappy/wp-includes/class-wp-hook.php(307): WC_AJAX::get_refreshed_fragments('')
#4 /home2/infow082/public_html/beehappy/wp-includes/class-wp-hook.php(331): WP_Hook->apply_filters('', Array)
#5 /home2/infow082/public_html/beehappy/wp-includes/plugin.php(474): WP_Hook->do_action(Array)
#6 /home2/infow082/public_html/beehappy/wp-content/plugins/woocommerce/includes/class-wc-ajax.php(90): do_action('wc_ajax_get_ref...')
#7 /home2/infow082/public_htm, em /home2/infow082/public_html/beehappy/wp-content/themes/owly/framework/woocommerce/cart-utils.php, na linha 84

2023-01-20T19:49:28+00:00 CRITICAL Uncaught Error: Call to a member function get_permalink() on bool in /home2/infow082/public_html/beehappy/wp-content/themes/owly/framework/woocommerce/cart-utils.php:84
Stack trace:
#0 /home2/infow082/public_html/beehappy/wp-includes/class-wp-hook.php(307): owly_woo_cart_fragments(Array)
#1 /home2/infow082/public_html/beehappy/wp-includes/plugin.php(189): WP_Hook->apply_filters(Array, Array)
#2 /home2/infow082/public_html/beehappy/wp-content/plugins/woocommerce/includes/class-wc-ajax.php(191): apply_filters('woocommerce_add...', Array)
#3 /home2/infow082/public_html/beehappy/wp-includes/class-wp-hook.php(307): WC_AJAX::get_refreshed_fragments('')
#4 /home2/infow082/public_html/beehappy/wp-includes/class-wp-hook.php(331): WP_Hook->apply_filters('', Array)
#5 /home2/infow082/public_html/beehappy/wp-includes/plugin.php(474): WP_Hook->do_action(Array)
#6 /home2/infow082/public_html/beehappy/wp-content/plugins/woocommerce/includes/class-wc-ajax.php(90): do_action('wc_ajax_get_ref...')
#7 /home2/infow082/public_htm, em /home2/infow082/public_html/beehappy/wp-content/themes/owly/framework/woocommerce/cart-utils.php, na linha 84

2023-01-20T19:49:45+00:00 CRITICAL Uncaught Error: Call to a member function get_permalink() on bool in /home2/infow082/public_html/beehappy/wp-content/themes/owly/framework/woocommerce/cart-utils.php:84
Stack trace:
#0 /home2/infow082/public_html/beehappy/wp-includes/class-wp-hook.php(307): owly_woo_cart_fragments(Array)
#1 /home2/infow082/public_html/beehappy/wp-includes/plugin.php(189): WP_Hook->apply_filters(Array, Array)
#2 /home2/infow082/public_html/beehappy/wp-content/plugins/woocommerce/includes/class-wc-ajax.php(191): apply_filters('woocommerce_add...', Array)
#3 /home2/infow082/public_html/beehappy/wp-includes/class-wp-hook.php(307): WC_AJAX::get_refreshed_fragments('')
#4 /home2/infow082/public_html/beehappy/wp-includes/class-wp-hook.php(331): WP_Hook->apply_filters('', Array)
#5 /home2/infow082/public_html/beehappy/wp-includes/plugin.php(474): WP_Hook->do_action(Array)
#6 /home2/infow082/public_html/beehappy/wp-content/plugins/woocommerce/includes/class-wc-ajax.php(90): do_action('wc_ajax_get_ref...')
#7 /home2/infow082/public_htm, em /home2/infow082/public_html/beehappy/wp-content/themes/owly/framework/woocommerce/cart-utils.php, na linha 84

2023-01-20T19:50:00+00:00 CRITICAL Uncaught Error: Call to a member function get_permalink() on bool in /home2/infow082/public_html/beehappy/wp-content/themes/owly/framework/woocommerce/cart-utils.php:84
Stack trace:
#0 /home2/infow082/public_html/beehappy/wp-includes/class-wp-hook.php(307): owly_woo_cart_fragments(Array)
#1 /home2/infow082/public_html/beehappy/wp-includes/plugin.php(189): WP_Hook->apply_filters(Array, Array)
#2 /home2/infow082/public_html/beehappy/wp-content/plugins/woocommerce/includes/class-wc-ajax.php(191): apply_filters('woocommerce_add...', Array)
#3 /home2/infow082/public_html/beehappy/wp-includes/class-wp-hook.php(307): WC_AJAX::get_refreshed_fragments('')
#4 /home2/infow082/public_html/beehappy/wp-includes/class-wp-hook.php(331): WP_Hook->apply_filters('', Array)
#5 /home2/infow082/public_html/beehappy/wp-includes/plugin.php(474): WP_Hook->do_action(Array)
#6 /home2/infow082/public_html/beehappy/wp-content/plugins/woocommerce/includes/class-wc-ajax.php(90): do_action('wc_ajax_get_ref...')
#7 /home2/infow082/public_htm, em /home2/infow082/public_html/beehappy/wp-content/themes/owly/framework/woocommerce/cart-utils.php, na linha 84

2023-01-20T19:50:12+00:00 CRITICAL Uncaught Error: Call to a member function get_permalink() on bool in /home2/infow082/public_html/beehappy/wp-content/themes/owly/framework/woocommerce/cart-utils.php:84
Stack trace:
#0 /home2/infow082/public_html/beehappy/wp-includes/class-wp-hook.php(307): owly_woo_cart_fragments(Array)
#1 /home2/infow082/public_html/beehappy/wp-includes/plugin.php(189): WP_Hook->apply_filters(Array, Array)
#2 /home2/infow082/public_html/beehappy/wp-content/plugins/woocommerce/includes/class-wc-ajax.php(191): apply_filters('woocommerce_add...', Array)
#3 /home2/infow082/public_html/beehappy/wp-includes/class-wp-hook.php(307): WC_AJAX::get_refreshed_fragments('')
#4 /home2/infow082/public_html/beehappy/wp-includes/class-wp-hook.php(331): WP_Hook->apply_filters('', Array)
#5 /home2/infow082/public_html/beehappy/wp-includes/plugin.php(474): WP_Hook->do_action(Array)
#6 /home2/infow082/public_html/beehappy/wp-content/plugins/woocommerce/includes/class-wc-ajax.php(90): do_action('wc_ajax_get_ref...')
#7 /home2/infow082/public_htm, em /home2/infow082/public_html/beehappy/wp-content/themes/owly/framework/woocommerce/cart-utils.php, na linha 84

